{"name": "test_login_email", "status": "broken", "statusDetails": {"message": "selenium.common.exceptions.NoSuchElementException: Message: no such element: Unable to locate element: {\"method\":\"css selector\",\"selector\":\"a[data-event-label='header-login']\"}\n  (Session info: chrome=140.0.7339.128); For documentation on this error, please visit: https://www.selenium.dev/documentation/webdriver/troubleshooting/errors#nosuchelementexception\nStacktrace:\n\tGetHandleVerifier [0x0x7ff71048fc95+79861]\n\tGetHandleVerifier [0x0x7ff71048fcf0+79952]\n\t(No symbol) [0x0x7ff71020cada]\n\t(No symbol) [0x0x7ff710264457]\n\t(No symbol) [0x0x7ff71026471c]\n\t(No symbol) [0x0x7ff7102b8217]\n\t(No symbol) [0x0x7ff71028cb1f]\n\t(No symbol) [0x0x7ff7102b4f8b]\n\t(No symbol) [0x0x7ff71028c8b3]\n\t(No symbol) [0x0x7ff710255272]\n\t(No symbol) [0x0x7ff710256043]\n\tGetHandleVerifier [0x0x7ff71074b9cd+2946349]\n\tGetHandleVerifier [0x0x7ff710745c4a+2922410]\n\tGetHandleVerifier [0x0x7ff7107659d7+3052855]\n\tGetHandleVerifier [0x0x7ff7104aaa7e+189918]\n\tGetHandleVerifier [0x0x7ff7104b2a1f+222591]\n\tGetHandleVerifier [0x0x7ff710498ab4+116244]\n\tGetHandleVerifier [0x0x7ff710498c69+116681]\n\tGetHandleVerifier [0x0x7ff71047f048+11176]\n\tBaseThreadInitThunk [0x0x7ffd039e7374+20]\n\tRtlUserThreadStart [0x0x7ffd03c5cc91+33]", "trace": "driver = <selenium.webdriver.chrome.webdriver.WebDriver (session=\"d9a0b84b445d8ee84b06a2ddbe11adbc\")>\n\n    def test_login_email(driver) -> None:\n        \"\"\"Тест: авторизация по email до экрана ввода кода\"\"\"\n        driver.get(BASE_URL)\n        login_page = LoginPage(driver)\n    \n>       login_page.open_login()\n\ntests\\test_ui.py:22: \n_ _ _ _ _ _ _ _ _ _ _ _ _ _ _ _ _ _ _ _ _ _ _ _ _ _ _ _ _ _ _ _ _ _ _ _ _ _ _ _ _ _ _ _ _ _ _ _ _ _ _ _ _ _ _ _ _ _ _ _ _ _ _ _ _ _ _ _ _ _ _ _ _ _ _ _ _ _ _ _ _ _ _ _ _ _ _ _ _ _ _ _ _ _ _ _ _ _ _ _ _ _ _ _ _ _ _ _ _ _ _ _ _ _\npages\\login_page.py:18: in open_login\n    self.driver.find_element(*self.LOGIN_BUTTON).click()\n    ^^^^^^^^^^^^^^^^^^^^^^^^^^^^^^^^^^^^^^^^^^^^\nvenv\\Lib\\site-packages\\selenium\\webdriver\\remote\\webdriver.py:926: in find_element\n    return self.execute(Command.FIND_ELEMENT, {\"using\": by, \"value\": value})[\"value\"]\n           ^^^^^^^^^^^^^^^^^^^^^^^^^^^^^^^^^^^^^^^^^^^^^^^^^^^^^^^^^^^^^^^^^\nvenv\\Lib\\site-packages\\selenium\\webdriver\\remote\\webdriver.py:458: in execute\n    self.error_handler.check_response(response)\n_ _ _ _ _ _ _ _ _ _ _ _ _ _ _ _ _ _ _ _ _ _ _ _ _ _ _ _ _ _ _ _ _ _ _ _ _ _ _ _ _ _ _ _ _ _ _ _ _ _ _ _ _ _ _ _ _ _ _ _ _ _ _ _ _ _ _ _ _ _ _ _ _ _ _ _ _ _ _ _ _ _ _ _ _ _ _ _ _ _ _ _ _ _ _ _ _ _ _ _ _ _ _ _ _ _ _ _ _ _ _ _ _ _\n\nself = <selenium.webdriver.remote.errorhandler.ErrorHandler object at 0x0000025A50CE6270>\nresponse = {'status': 404, 'value': '{\"value\":{\"error\":\"no such element\",\"message\":\"no such element: Unable to locate element: {\\...ff71047f048+11176]\\\\n\\\\tBaseThreadInitThunk [0x0x7ffd039e7374+20]\\\\n\\\\tRtlUserThreadStart [0x0x7ffd03c5cc91+33]\\\\n\"}}'}\n\n    def check_response(self, response: dict[str, Any]) -> None:\n        \"\"\"Checks that a JSON response from the WebDriver does not have an\n        error.\n    \n        :Args:\n         - response - The JSON response from the WebDriver server as a dictionary\n           object.\n    \n        :Raises: If the response contains an error message.\n        \"\"\"\n        status = response.get(\"status\", None)\n        if not status or status == ErrorCode.SUCCESS:\n            return\n        value = None\n        message = response.get(\"message\", \"\")\n        screen: str = response.get(\"screen\", \"\")\n        stacktrace = None\n        if isinstance(status, int):\n            value_json = response.get(\"value\", None)\n            if value_json and isinstance(value_json, str):\n                try:\n                    value = json.loads(value_json)\n                    if isinstance(value, dict):\n                        if len(value) == 1:\n                            value = value[\"value\"]\n                        status = value.get(\"error\", None)\n                        if not status:\n                            status = value.get(\"status\", ErrorCode.UNKNOWN_ERROR)\n                            message = value.get(\"value\") or value.get(\"message\")\n                            if not isinstance(message, str):\n                                value = message\n                                message = message.get(\"message\")\n                        else:\n                            message = value.get(\"message\", None)\n                except ValueError:\n                    pass\n    \n        exception_class: type[WebDriverException]\n        e = ErrorCode()\n        error_codes = [item for item in dir(e) if not item.startswith(\"__\")]\n        for error_code in error_codes:\n            error_info = getattr(ErrorCode, error_code)\n            if isinstance(error_info, list) and status in error_info:\n                exception_class = getattr(ExceptionMapping, error_code, WebDriverException)\n                break\n        else:\n            exception_class = WebDriverException\n    \n        if not value:\n            value = response[\"value\"]\n        if isinstance(value, str):\n            raise exception_class(value)\n        if message == \"\" and \"message\" in value:\n            message = value[\"message\"]\n    \n        screen = None  # type: ignore[assignment]\n        if \"screen\" in value:\n            screen = value[\"screen\"]\n    \n        stacktrace = None\n        st_value = value.get(\"stackTrace\") or value.get(\"stacktrace\")\n        if st_value:\n            if isinstance(st_value, str):\n                stacktrace = st_value.split(\"\\n\")\n            else:\n                stacktrace = []\n                try:\n                    for frame in st_value:\n                        line = frame.get(\"lineNumber\", \"\")\n                        file = frame.get(\"fileName\", \"<anonymous>\")\n                        if line:\n                            file = f\"{file}:{line}\"\n                        meth = frame.get(\"methodName\", \"<anonymous>\")\n                        if \"className\" in frame:\n                            meth = f\"{frame['className']}.{meth}\"\n                        msg = \"    at %s (%s)\"\n                        msg = msg % (meth, file)\n                        stacktrace.append(msg)\n                except TypeError:\n                    pass\n        if exception_class == UnexpectedAlertPresentException:\n            alert_text = None\n            if \"data\" in value:\n                alert_text = value[\"data\"].get(\"text\")\n            elif \"alert\" in value:\n                alert_text = value[\"alert\"].get(\"text\")\n            raise exception_class(message, screen, stacktrace, alert_text)  # type: ignore[call-arg]  # mypy is not smart enough here\n>       raise exception_class(message, screen, stacktrace)\nE       selenium.common.exceptions.NoSuchElementException: Message: no such element: Unable to locate element: {\"method\":\"css selector\",\"selector\":\"a[data-event-label='header-login']\"}\nE         (Session info: chrome=140.0.7339.128); For documentation on this error, please visit: https://www.selenium.dev/documentation/webdriver/troubleshooting/errors#nosuchelementexception\nE       Stacktrace:\nE       \tGetHandleVerifier [0x0x7ff71048fc95+79861]\nE       \tGetHandleVerifier [0x0x7ff71048fcf0+79952]\nE       \t(No symbol) [0x0x7ff71020cada]\nE       \t(No symbol) [0x0x7ff710264457]\nE       \t(No symbol) [0x0x7ff71026471c]\nE       \t(No symbol) [0x0x7ff7102b8217]\nE       \t(No symbol) [0x0x7ff71028cb1f]\nE       \t(No symbol) [0x0x7ff7102b4f8b]\nE       \t(No symbol) [0x0x7ff71028c8b3]\nE       \t(No symbol) [0x0x7ff710255272]\nE       \t(No symbol) [0x0x7ff710256043]\nE       \tGetHandleVerifier [0x0x7ff71074b9cd+2946349]\nE       \tGetHandleVerifier [0x0x7ff710745c4a+2922410]\nE       \tGetHandleVerifier [0x0x7ff7107659d7+3052855]\nE       \tGetHandleVerifier [0x0x7ff7104aaa7e+189918]\nE       \tGetHandleVerifier [0x0x7ff7104b2a1f+222591]\nE       \tGetHandleVerifier [0x0x7ff710498ab4+116244]\nE       \tGetHandleVerifier [0x0x7ff710498c69+116681]\nE       \tGetHandleVerifier [0x0x7ff71047f048+11176]\nE       \tBaseThreadInitThunk [0x0x7ffd039e7374+20]\nE       \tRtlUserThreadStart [0x0x7ffd03c5cc91+33]\n\nvenv\\Lib\\site-packages\\selenium\\webdriver\\remote\\errorhandler.py:232: NoSuchElementException"}, "description": "Тест: авторизация по email до экрана ввода кода", "steps": [{"name": "Открыть страницу авторизации", "status": "broken", "statusDetails": {"message": "selenium.common.exceptions.NoSuchElementException: Message: no such element: Unable to locate element: {\"method\":\"css selector\",\"selector\":\"a[data-event-label='header-login']\"}\n  (Session info: chrome=140.0.7339.128); For documentation on this error, please visit: https://www.selenium.dev/documentation/webdriver/troubleshooting/errors#nosuchelementexception\nStacktrace:\n\tGetHandleVerifier [0x0x7ff71048fc95+79861]\n\tGetHandleVerifier [0x0x7ff71048fcf0+79952]\n\t(No symbol) [0x0x7ff71020cada]\n\t(No symbol) [0x0x7ff710264457]\n\t(No symbol) [0x0x7ff71026471c]\n\t(No symbol) [0x0x7ff7102b8217]\n\t(No symbol) [0x0x7ff71028cb1f]\n\t(No symbol) [0x0x7ff7102b4f8b]\n\t(No symbol) [0x0x7ff71028c8b3]\n\t(No symbol) [0x0x7ff710255272]\n\t(No symbol) [0x0x7ff710256043]\n\tGetHandleVerifier [0x0x7ff71074b9cd+2946349]\n\tGetHandleVerifier [0x0x7ff710745c4a+2922410]\n\tGetHandleVerifier [0x0x7ff7107659d7+3052855]\n\tGetHandleVerifier [0x0x7ff7104aaa7e+189918]\n\tGetHandleVerifier [0x0x7ff7104b2a1f+222591]\n\tGetHandleVerifier [0x0x7ff710498ab4+116244]\n\tGetHandleVerifier [0x0x7ff710498c69+116681]\n\tGetHandleVerifier [0x0x7ff71047f048+11176]\n\tBaseThreadInitThunk [0x0x7ffd039e7374+20]\n\tRtlUserThreadStart [0x0x7ffd03c5cc91+33]\n\n", "trace": "  File \"C:\\Users\\jojo9\\OneDrive\\Рабочий стол\\labirint-automation\\venv\\Lib\\site-packages\\allure_commons\\_allure.py\", line 202, in impl\n    return func(*a, **kw)\n  File \"C:\\Users\\jojo9\\OneDrive\\Рабочий стол\\labirint-automation\\pages\\login_page.py\", line 18, in open_login\n    self.driver.find_element(*self.LOGIN_BUTTON).click()\n    ~~~~~~~~~~~~~~~~~~~~~~~~^^^^^^^^^^^^^^^^^^^^\n  File \"C:\\Users\\jojo9\\OneDrive\\Рабочий стол\\labirint-automation\\venv\\Lib\\site-packages\\selenium\\webdriver\\remote\\webdriver.py\", line 926, in find_element\n    return self.execute(Command.FIND_ELEMENT, {\"using\": by, \"value\": value})[\"value\"]\n           ~~~~~~~~~~~~^^^^^^^^^^^^^^^^^^^^^^^^^^^^^^^^^^^^^^^^^^^^^^^^^^^^^\n  File \"C:\\Users\\jojo9\\OneDrive\\Рабочий стол\\labirint-automation\\venv\\Lib\\site-packages\\selenium\\webdriver\\remote\\webdriver.py\", line 458, in execute\n    self.error_handler.check_response(response)\n    ~~~~~~~~~~~~~~~~~~~~~~~~~~~~~~~~~^^^^^^^^^^\n  File \"C:\\Users\\jojo9\\OneDrive\\Рабочий стол\\labirint-automation\\venv\\Lib\\site-packages\\selenium\\webdriver\\remote\\errorhandler.py\", line 232, in check_response\n    raise exception_class(message, screen, stacktrace)\n"}, "start": 1758037933887, "stop": 1758037933893}], "start": 1758037926459, "stop": 1758037933895, "uuid": "fcc90d92-53e2-47bc-8302-a7968a4730bf", "historyId": "32293b77182f003ff6463f008dcbf07a", "testCaseId": "32293b77182f003ff6463f008dcbf07a", "fullName": "tests.test_ui#test_login_email", "labels": [{"name": "parentSuite", "value": "tests"}, {"name": "suite", "value": "test_ui"}, {"name": "host", "value": "DESKTOP-6MJND85"}, {"name": "thread", "value": "24272-MainThread"}, {"name": "framework", "value": "pytest"}, {"name": "language", "value": "cpython3"}, {"name": "package", "value": "tests.test_ui"}], "titlePath": ["tests", "test_ui.py"]}